<?xml version="1.0" encoding="UTF-8"?>
<!-- Generated by org.testng.reporters.JUnitReportReporter -->
<testsuite skipped="0" hostname="Admin-PC" name="Discover.TestCase_10" tests="1" failures="0" timestamp="2020-06-23T21:21:49 IST" time="76.515" errors="0">
  <testcase name="main" time="76.515" classname="Discover.TestCase_10"/>
</testsuite> <!-- Discover.TestCase_10 -->
