<?xml version="1.0" encoding="UTF-8"?>
<!-- Generated by org.testng.reporters.JUnitReportReporter -->
<testsuite skipped="0" hostname="Admin-PC" name="Facebook.Main" tests="1" failures="0" timestamp="2020-09-09T20:56:43 IST" time="137.863" errors="0">
  <testcase name="script" time="137.863" classname="Facebook.Main"/>
</testsuite> <!-- Facebook.Main -->
