<?xml version="1.0" encoding="UTF-8"?>
<!-- Generated by org.testng.reporters.JUnitReportReporter -->
<testsuite skipped="0" hostname="Admin-PC" name="Discover.TestCase_1" tests="1" failures="0" timestamp="2020-06-23T19:34:26 IST" time="75.830" errors="0">
  <testcase name="main" time="75.830" classname="Discover.TestCase_1"/>
</testsuite> <!-- Discover.TestCase_1 -->
