<?xml version="1.0" encoding="UTF-8"?>
<!-- Generated by org.testng.reporters.JUnitReportReporter -->
<testsuite skipped="0" hostname="Admin-PC" name="Discover.TestCase_7" tests="1" failures="0" timestamp="2020-06-23T20:53:44 IST" time="135.041" errors="0">
  <testcase name="main" time="135.041" classname="Discover.TestCase_7"/>
</testsuite> <!-- Discover.TestCase_7 -->
