<?xml version="1.0" encoding="UTF-8"?>
<!-- Generated by org.testng.reporters.JUnitReportReporter -->
<testsuite skipped="0" hostname="Admin-PC" name="Discover.TestCase_4" tests="1" failures="0" timestamp="2020-06-23T20:24:53 IST" time="65.935" errors="0">
  <testcase name="main" time="65.935" classname="Discover.TestCase_4"/>
</testsuite> <!-- Discover.TestCase_4 -->
