<?xml version="1.0" encoding="UTF-8"?>
<!-- Generated by org.testng.reporters.JUnitReportReporter -->
<testsuite skipped="0" hostname="Admin-PC" name="Discover.TestCase_8" tests="1" failures="0" timestamp="2020-06-23T20:55:13 IST" time="56.828" errors="0">
  <testcase name="main" time="56.828" classname="Discover.TestCase_8"/>
</testsuite> <!-- Discover.TestCase_8 -->
