<?xml version="1.0" encoding="UTF-8"?>
<!-- Generated by org.testng.reporters.JUnitReportReporter -->
<testsuite skipped="0" hostname="Admin-PC" name="Discover.TestCase_9" tests="1" failures="0" timestamp="2020-06-23T21:11:07 IST" time="115.367" errors="0">
  <testcase name="main" time="115.367" classname="Discover.TestCase_9"/>
</testsuite> <!-- Discover.TestCase_9 -->
