<?xml version="1.0" encoding="UTF-8"?>
<!-- Generated by org.testng.reporters.JUnitReportReporter -->
<testsuite skipped="0" hostname="Admin-PC" name="Discover.TestCase_6" tests="1" failures="0" timestamp="2020-06-23T20:48:27 IST" time="81.841" errors="0">
  <testcase name="main" time="81.841" classname="Discover.TestCase_6"/>
</testsuite> <!-- Discover.TestCase_6 -->
